2026-04-10 23:24:22,690 | INFO | Логирование включено
2026-04-10 23:24:22,691 | INFO | Привет
2026-04-10 23:24:34,561 | INFO | Датасет 1 загружен для аналитики
2026-04-10 23:24:38,042 | INFO | Корр матрица по датасету 1 построена успешно
2026-04-10 23:26:51,873 | INFO | График 2 для датасета 1 статус: success
2026-04-10 23:27:33,856 | INFO | График 3 для датасета 1 статус: success
2026-04-10 23:27:51,133 | INFO | График 3_1 для датасета 1 статус: success
2026-04-10 23:28:01,601 | INFO | График 3_2 для датасета 1 статус: success
2026-04-10 23:29:17,424 | INFO | Датасет 2 загружен для аналитики статус: success
2026-04-10 23:29:30,957 | INFO | График 1 для датасета 2 статус: success
2026-04-10 23:29:44,932 | INFO | График 2 для датасета 2 статус: success
2026-04-10 23:29:50,865 | INFO | График 3 для датасета 2 статус: success
2026-04-10 23:30:17,129 | INFO | Датасет 3 загружен для аналитики статус: success
2026-04-10 23:30:32,372 | INFO | График 1 для датасета 3 статус: success
2026-04-10 23:30:44,554 | INFO | График 2 для датасета 3 статус: success
2026-04-10 23:31:55,179 | INFO | График 3 для датасета 3 статус: success
2026-04-10 23:38:49,436 | INFO | Датасет 5 загружен для аналитики статус: success
2026-04-10 23:43:02,904 | INFO | График 1 для датасета 5 статус: success
2026-04-10 23:46:10,639 | INFO | График 2 для датасета 5 статус: success
2026-04-10 23:48:57,771 | INFO | График 3 для датасета 5 статус: success
2026-04-11 00:40:27,092 | INFO | Датасет 6 загружен для аналитики статус: success
2026-04-11 00:40:34,528 | INFO | График 1 для датасета 6 статус: success
2026-04-11 00:40:41,382 | INFO | График 2 для датасета 6 статус: success
2026-04-11 00:40:47,812 | INFO | График 3 для датасета 6 статус: success
2026-04-11 00:40:57,721 | INFO | График 3_1 для датасета 6 статус: success
